* using log directory ‘/nicco1/u/ssc/nfultz/projects/stat.extend/..Rcheck’
* using R version 3.6.0 (2019-04-26)
* using platform: x86_64-redhat-linux-gnu (64-bit)
* using session charset: UTF-8
* checking for file ‘./DESCRIPTION’ ... OK
* checking extension type ... Package
* this is package ‘stat.extend’ version ‘0.1.0’
* package encoding: UTF-8
* checking package namespace information ... OK
* checking package dependencies ... OK
* checking if this is a source package ... OK
* checking if there is a namespace ... OK
* checking for executable files ... WARNING
Found the following executable files:
  .git/objects/02/02e64702108fbf7cb6cc297c41ae8eb9b78c7e
  .git/objects/04/19f0efd43739f10a86f60ec55e431dbc11b576
  .git/objects/0c/50b79a42e19b3734e32f416ac776a1412b29fc
  .git/objects/12/50c04791abc5a7414e22e6be59b35ba872b73d
  .git/objects/15/b5232967339f821f95fb392e788f4450bdee95
  .git/objects/1a/b7ef75d39059af0caed6a73cb45e4d6a57fa39
  .git/objects/1f/0a7633fc0c03127dba71779fc738fe19f6278b
  .git/objects/20/60d55ad550b48f6a9b93e8bd5bb353ed3e8281
  .git/objects/21/a9a1685b7dcfb37def73138f61ad93029a159f
  .git/objects/2a/8a184b63d753f4e249dfc5a3d26be3fab27c43
  .git/objects/2b/f3eb963ad78b0d2cffa8ce83de54459e20e956
  .git/objects/32/5b81a61146e0b6a21d4b3cfdf713b7b3dba6ec
  .git/objects/33/0166ec4a4f4d967ccc3b7171b62328b6a6b8fd
  .git/objects/33/2ff9a87324c9a9f57c206b37138d752bd1acc9
  .git/objects/38/cb6358d6bdba075a4b806752397fe2bc9fdafb
  .git/objects/3e/79ecf225306d96027ff2fab9e52ca2ec9036bf
  .git/objects/3f/2ed8732eeb54581109aed25da933231691809a
  .git/objects/42/f48448d008962ea472dc11cc4c0281dc4cb0ec
  .git/objects/47/8d60ce17173e57f12fb0539afacb44a5907a43
  .git/objects/4f/5ab7552468a589e96049310f728f4212bd2812
  .git/objects/50/0d327918b660df2f46a7917140948bad8af4d1
  .git/objects/5a/57da5ed8c479754d78f148ae7f002f78d9d455
  .git/objects/5b/3ea7868ec7746e46a04b01030e88a54cfc2534
  .git/objects/5c/7d114a8c1545b844141a0edbc7dbc7be70fb77
  .git/objects/5e/75b40dec4ff19eb318781c9da72348f80988c2
  .git/objects/64/effa8ac254fa5b4dd685fd0c84ba9f1efbf9bc
  .git/objects/68/d5fea083ee2e45de813d40c1308204c1e702f8
  .git/objects/70/62c90fee5fde3f27e836906fc2358b08c9cc57
  .git/objects/71/d6af34425dbaedce2b39a6392300c529c684d6
  .git/objects/74/e97974355a0b92537bed2ee0d5499d65d6651c
  .git/objects/77/7f8790e18a7ad1993bb93521ecf6e1e83fd40d
  .git/objects/7c/c2e67c2459f629b81109f627c77c895d06c9de
  .git/objects/7f/b834e06d842a76aceef9fa74adf2b5038241e1
  .git/objects/80/84574acf444fdb32681c2bfd68030f64217879
  .git/objects/81/04210e7043b53776d1d8beae8140eac76541b6
  .git/objects/8a/b58a078c46ce00e49fe0c6ef73d34c88581f7d
  .git/objects/8d/dba15d13e3db7c22972ba18234f2ca38559b54
  .git/objects/8f/28b024d16ac1ea74f010625b20789e9e9e5e67
  .git/objects/8f/fa01d9b4c937635a9da005a60af17d4bf2a1f0
  .git/objects/92/9a70beb7347fe4910a660918b090187c0b4985
  .git/objects/93/cc97c64843a7efb57000e543474d42526ce912
  .git/objects/93/f275ef1a5575b4f31b5a1e9bb7f5ec21385402
  .git/objects/95/85f1f91ba62f6c73d0a3abb1f2ffb4c420e1b5
  .git/objects/96/7fc6db13805aed0d9161392e805b5565123851
  .git/objects/9b/23e856d2c06e31ecd32f4d920ef2b0839e7b01
  .git/objects/9f/9ea802af78b577b8a7f2e925a3598f14894a91
  .git/objects/a1/93bd2c00da58975eddbb6a66a651a1ef20fa48
  .git/objects/a1/e82c5127e1df55f85ab084668411c78ea3ab4c
  .git/objects/a1/f1243cbb144a75fca43564f18bcecad4521323
  .git/objects/a8/f857f8de6092c033c3773820f78a3cd332e73f
  .git/objects/ab/6dab935e97986ca87d923d0e1f2de0bfb1df9a
  .git/objects/ab/da11125db2abb2be407606351176afdfb01840
  .git/objects/af/114a0ee97e706c00bc245cfdb3ed016dbdbf13
  .git/objects/af/4f295165c96c636601d71b1b88901cfe343d0c
  .git/objects/b0/c6fd40584ab3b5c35316c0c929a0b0912597d0
  .git/objects/b1/9775e007613798b4d16d0b5fecb75e9c0bbec0
  .git/objects/b5/fba1e03aaaab6087dff8caa8caef93725d6df6
  .git/objects/b6/ec82fba1f2568469a7a46c3e41e2a1d32745cb
  .git/objects/b7/96e5b64464deedf0db1d2cad3ea96a963e4cc2
  .git/objects/ba/92324624939856f0d80ee9eb118d1bf03bb454
  .git/objects/bc/863b6fd1b4ced8e788780fad4bfe6c236ab8c6
  .git/objects/c0/28616bcca08d472819ee2cbf7b9b0bf0524ade
  .git/objects/c1/279aede7481aa62906c64dd726cd8a11e3ffce
  .git/objects/c4/e869035fc438bca1ff454bdcf1f1ed07f87777
  .git/objects/cd/8a19449ec9235a0e8b9353dff4d9dc58e53fa7
  .git/objects/cd/d26a59b87bd5d024fb4398e8e19c863c371dc5
  .git/objects/d0/f05858846f5e1853446026b75a008a011dfb83
  .git/objects/d5/e442d52f7ad1172910f41647dd680b054144cd
  .git/objects/d7/5f824ec6278db24891505b14ab3d915514dba7
  .git/objects/df/c0a4f13063c9ef2d83a46be9b88e9d080f22b6
  .git/objects/e0/878cc6ba94edad896918476c93f022ce19a336
  .git/objects/e3/07167a8603d0cea8561efe51e4b978c25fb923
  .git/objects/e3/e3630b58737359a2843be8eab833f5b6e5e510
  .git/objects/e6/9de29bb2d1d6434b8b29ae775ad8c2e48c5391
  .git/objects/ea/e21e25b2f925e1e5788fb32feffb7645ac9f05
  .git/objects/eb/18c4b1db265c1f248e827fb1a094fa42295dc4
  .git/objects/ee/5ec0e111cc576ccaf8e96c76888929aaeeb42d
  .git/objects/f3/ff0e71dccbfaa2da4afe967499602bd80a7718
  .git/objects/f6/d9695125a2a28ea54f4703af6eba37b3e3f6a4
  .git/objects/fb/17c315580d6a6824a8be79d5153e518558a3a6
  .git/objects/fc/549af72c851e00e37d28457b7595fa8a1cf35a
  .git/objects/fd/a01f33b4d269e5e8669c3f8b29622dd46a9923
  .git/objects/fe/d539efe9e52d290a1b17179246371ef074f6da
Source packages should not contain undeclared executable files.
See section ‘Package structure’ in the ‘Writing R Extensions’ manual.
* checking for hidden files and directories ... NOTE
Found the following hidden files and directories:
  .gitignore
  ..Rcheck
  .Rproj.user
  .git
These were most likely included in error. See section ‘Package
structure’ in the ‘Writing R Extensions’ manual.
* checking for portable file names ... OK
* checking for sufficient/correct file permissions ... OK
* checking whether package ‘stat.extend’ can be installed ... OK
* checking installed package size ... OK
* checking package directory ... OK
* checking DESCRIPTION meta-information ... NOTE
Checking should be performed on sources prepared by ‘R CMD build’.
* checking top-level files ... OK
* checking for left-over files ... OK
* checking index information ... OK
* checking package subdirectories ... WARNING
Found the following directory with the name of a check directory:
  ./..Rcheck
Most likely, these were included erroneously.
* checking R files for non-ASCII characters ... OK
* checking R files for syntax errors ... OK
* checking whether the package can be loaded ... OK
* checking whether the package can be loaded with stated dependencies ... OK
* checking whether the package can be unloaded cleanly ... OK
* checking whether the namespace can be loaded with stated dependencies ... OK
* checking whether the namespace can be unloaded cleanly ... OK
* checking loading without being on the library search path ... OK
* checking dependencies in R code ... NOTE
Namespace in Imports field not imported from: ‘matrixStats’
  All declared Imports should be used.
* checking S3 generic/method consistency ... OK
* checking replacement functions ... OK
* checking foreign function calls ... OK
* checking R code for possible problems ... OK
* checking Rd files ... OK
* checking Rd metadata ... OK
* checking Rd cross-references ... OK
* checking for missing documentation entries ... OK
* checking for code/documentation mismatches ... OK
* checking Rd \usage sections ... OK
* checking Rd contents ... OK
* checking for unstated dependencies in examples ... OK
* checking examples ... OK
* checking for unstated dependencies in ‘tests’ ... OK
* checking tests ... OK
  Running ‘test-HDR.R’
* checking PDF version of manual ... OK
* DONE
Status: 2 WARNINGs, 3 NOTEs
